<?xml version="1.0" encoding="UTF-8"?>
<testng-results skipped="0" failed="0" ignored="0" total="1" passed="1">
  <reporter-output>
  </reporter-output>
  <suite name="Default suite" duration-ms="11074" started-at="2019-07-19T10:53:24Z" finished-at="2019-07-19T10:53:35Z">
    <groups>
    </groups>
    <test name="Default test" duration-ms="11074" started-at="2019-07-19T10:53:24Z" finished-at="2019-07-19T10:53:35Z">
      <class name="com.test.testmehoverchild">
        <test-method status="PASS" signature="f()[pri:0, instance:com.test.testmehoverchild@77caeb3e]" name="f" duration-ms="11018" started-at="2019-07-19T10:53:24Z" finished-at="2019-07-19T10:53:35Z">
          <reporter-output>
          </reporter-output>
        </test-method> <!-- f -->
      </class> <!-- com.test.testmehoverchild -->
    </test> <!-- Default test -->
  </suite> <!-- Default suite -->
</testng-results>
